<?xml version="1.0" encoding="UTF-8"?>
<!-- Generated by org.testng.reporters.JUnitReportReporter -->
<testsuite hostname="QT-INNO-LT0033" failures="0" tests="1" name="org.quali.automation.runners.OrderPlaceRunner" time="106.839" errors="0" timestamp="31 May 2021 19:51:53 GMT" skipped="0">
  <testcase classname="org.quali.automation.runners.OrderPlaceRunner" name="run_cukes" time="106.839"/>
</testsuite> <!-- org.quali.automation.runners.OrderPlaceRunner -->
